1/29/2022 7:20:03 PM | 
1/29/2022 7:20:03 PM | 
Message : The request failed with HTTP status 404: Not Found.
1/29/2022 7:20:03 PM | 
LastTrace : System.Web.Services.Protocols.SoapHttpClientProtocol.ReadResponse(SoapClientMessage message, WebResponse response, Stream responseStream, Boolean asyncCall)
1/29/2022 7:20:03 PM | 
Params : 
1/29/2022 7:20:03 PM | 
MethodeName : System.Object[] ReadResponse(System.Web.Services.Protocols.SoapClientMessage, System.Net.WebResponse, System.IO.Stream, Boolean)
1/29/2022 7:20:03 PM | 
Stamp : 1/29/2022 7:20:03 PM
1/29/2022 7:20:03 PM | 
OSFullName : Microsoft Windows 10 Home
1/29/2022 7:20:03 PM | 
AvailablePhysicalMemory : 2.51 Go 
1/29/2022 7:20:03 PM | 
TotalPhysicalMemory : 15.86 Go 
1/29/2022 7:20:03 PM | 
AvailableVirtualMemory : 3.09 Go 
1/29/2022 7:20:03 PM | 
TotalVirtualMemory : 4 Go 
1/29/2022 7:20:03 PM | 
WorkingSet : 229.76 Mo 
1/29/2022 7:20:03 PM | 
PagedMemorySize : 289.11 Mo 
1/29/2022 7:20:03 PM | 
TotalMemory : 34.55 Mo 
1/29/2022 7:20:03 PM | 

1/29/2022 7:20:03 PM | 
ExTrace : 
1/29/2022 7:20:03 PM | 
at System.Web.Services.Protocols.SoapHttpClientProtocol.ReadResponse(SoapClientMessage message, WebResponse response, Stream responseStream, Boolean asyncCall)
1/29/2022 7:20:03 PM | 
at System.Web.Services.Protocols.SoapHttpClientProtocol.InvokeAsyncCallback(IAsyncResult result)
1/29/2022 7:20:03 PM | 

1/29/2022 7:20:03 PM | 
OETrace : 
1/29/2022 7:20:03 PM | 
at openElement.Forms.FrmNewProject.LoadDefaultModelCompleted(Object sender, GetDefaultModelCompletedEventArgs e) in C:\Users\Win7Dev64\Source\Workspaces\openElement\App\openElement\Form\Project\FrmNewProject.vb:line 110
1/29/2022 7:20:03 PM | 
at openElement.WebServiceModels.Models.OnGetDefaultModelOperationCompleted(Object arg) in C:\Users\Win7Dev64\Source\Workspaces\openElement\App\openElement\Web References\WebServiceModels\Reference.vb:line 122
1/29/2022 7:20:03 PM | 
at openElement.Forms.RibbonCore.RPProject.RPGHome.BBIProjectHomeNew_ItemClick(Object sender, ItemClickEventArgs e) in C:\Users\Win7Dev64\Source\Workspaces\openElement\App\openElement\Form\Main\RibbonItemCore\Project\RPGHome.vb:line 59
1/29/2022 7:20:03 PM | 
at openElement.My.MyApplication.Main(String[] Args) in :line 82
1/29/2022 7:20:03 PM | 

1/29/2022 7:20:03 PM | 
------------------
