11/18/2021 9:27:12 PM | Debut Mise en ligne complete (Site):
11/18/2021 9:27:29 PM | Listing terminé :
11/18/2021 9:27:29 PM | 

11/18/2021 9:27:29 PM | * WEFiles-- -- --Folder create
11/18/2021 9:27:29 PM | * WEFiles/Xml-- -- --Folder create
11/18/2021 9:27:29 PM | * WEFiles/Server-- -- --Folder create
11/18/2021 9:27:29 PM | * WEFiles/Server/language-- -- --Folder create
11/18/2021 9:27:29 PM | * WEFiles/Server/DB-- -- --Folder create
11/18/2021 9:27:29 PM | * WEFiles/Server/DB/DBTools-- -- --Folder create
11/18/2021 9:27:29 PM | * WEFiles/Server/class-- -- --Folder create
11/18/2021 9:27:29 PM | * WEFiles/Other-- -- --Folder create
11/18/2021 9:27:29 PM | * WEFiles/Image-- -- --Folder create
11/18/2021 9:27:29 PM | * WEFiles/Font-- -- --Folder create
11/18/2021 9:27:29 PM | * WEFiles/EG-- -- --Folder create
11/18/2021 9:27:29 PM | * WEFiles/Css-- -- --Folder create
11/18/2021 9:27:29 PM | * WEFiles/Css/v02-- -- --Folder create
11/18/2021 9:27:29 PM | * WEFiles/Css/v01-- -- --Folder create
11/18/2021 9:27:29 PM | * WEFiles/Client-- -- --Folder create
11/18/2021 9:27:29 PM | * WEFiles/Client/jQuery-- -- --Folder create
11/18/2021 9:27:29 PM | * WEFiles/Client/jQuery/Plugins-- -- --Folder create
11/18/2021 9:27:29 PM | * WEFiles/Client/Common-- -- --Folder create
11/18/2021 9:27:29 PM | * Templates-- -- --Folder create
11/18/2021 9:27:29 PM | * Files-- -- --Folder create
11/18/2021 9:27:29 PM | * Files/Video-- -- --Folder create
11/18/2021 9:27:29 PM | * Files/Other-- -- --Folder create
11/18/2021 9:27:29 PM | * Files/Media-- -- --Folder create
11/18/2021 9:27:29 PM | * Files/Image-- -- --Folder create
11/18/2021 9:27:29 PM | * Files/Fonts-- -- --Folder create
11/18/2021 9:27:29 PM | * Files/Flash-- -- --Folder create
11/18/2021 9:27:29 PM | * Files/Audio-- -- --Folder create
11/18/2021 9:27:29 PM | * Data-- -- --Folder create
11/18/2021 9:27:29 PM | * Backup-- -- --Folder create
11/18/2021 9:27:29 PM | * Common-- -- --Folder create
11/18/2021 9:27:29 PM | * WEFiles/Image/WEImage-- -- --Folder create
11/18/2021 9:27:29 PM | * Files\Other-- -- --Folder create
11/18/2021 9:27:29 PM | * Files\Fonts-- -- --Folder create
11/18/2021 9:27:29 PM | * Backup/.htaccess-- -- --33
11/18/2021 9:27:29 PM | * Data/.htaccess-- -- --13
11/18/2021 9:27:29 PM | * WEFiles/Client/Common/oe.min.js-- -- --16317
11/18/2021 9:27:29 PM | * WEFiles/Client/jQuery/Plugins/jquery.form.js-- -- --11659
11/18/2021 9:27:29 PM | * WEFiles/Client/jQuery/Plugins/jquery.ui.core.js-- -- --19590
11/18/2021 9:27:29 PM | * WEFiles/Client/jQuery/Plugins/jquery.ui.effects.js-- -- --25199
11/18/2021 9:27:29 PM | * WEFiles/Client/jQuery/1.10.2.js-- -- --93107
11/18/2021 9:27:29 PM | * WEFiles/Client/jQuery/migrate.js-- -- --7202
11/18/2021 9:27:29 PM | * WEFiles/Client/OEDB.js-- -- --1856
11/18/2021 9:27:29 PM | * WEFiles/Client/OEDBClasses.js-- -- --2280
11/18/2021 9:27:29 PM | * WEFiles/Client/opentip-jquery.min.js-- -- --44974
11/18/2021 9:27:29 PM | * WEFiles/Css/v01/openElement.css-- -- --5851
11/18/2021 9:27:29 PM | * WEFiles/Css/v02/openElement.css-- -- --6102
11/18/2021 9:27:29 PM | * WEFiles/Css/v02/openElement.int.css-- -- --6177
11/18/2021 9:27:29 PM | * WEFiles/Css/ie7.css-- -- --833
11/18/2021 9:27:29 PM | * WEFiles/Css/opentip.css-- -- --9211
11/18/2021 9:27:29 PM | * WEFiles/Image/Code.png-- -- --831
11/18/2021 9:27:29 PM | * WEFiles/Image/delete.png-- -- --1465
11/18/2021 9:27:29 PM | * WEFiles/Image/empty.png-- -- --184
11/18/2021 9:27:29 PM | * WEFiles/Image/information2.png-- -- --3246
11/18/2021 9:27:29 PM | * WEFiles/Image/loading.gif-- -- --1924
11/18/2021 9:27:29 PM | * WEFiles/Image/Loading2.gif-- -- --4941
11/18/2021 9:27:29 PM | * WEFiles/Image/mask.png-- -- --213
11/18/2021 9:27:29 PM | * WEFiles/Image/ModalBackgound.png-- -- --27145
11/18/2021 9:27:29 PM | * WEFiles/Image/ModalPopupBlock.png-- -- --268
11/18/2021 9:27:29 PM | * WEFiles/Image/ServerError.png-- -- --2602
11/18/2021 9:27:29 PM | * WEFiles/Image/warning.png-- -- --816
11/18/2021 9:27:29 PM | * WEFiles/Image/WEW3C.png-- -- --1882
11/18/2021 9:27:29 PM | * WEFiles/Server/class/class-phpmailer.php-- -- --65668
11/18/2021 9:27:29 PM | * WEFiles/Server/class/class-smtp.php-- -- --32456
11/18/2021 9:27:29 PM | * WEFiles/Server/DB/DBTools/OEDataContainers.php-- -- --57685
11/18/2021 9:27:29 PM | * WEFiles/Server/DB/DBTools/OEDBRequest.php-- -- --36412
11/18/2021 9:27:29 PM | * WEFiles/Server/DB/DBTools/OEDynUtils.php-- -- --15107
11/18/2021 9:27:29 PM | * WEFiles/Server/DB/.htaccess-- -- --13
11/18/2021 9:27:29 PM | * WEFiles/Server/DB/OEDB.php-- -- --28741
11/18/2021 9:27:29 PM | * WEFiles/Server/DB/OEDBClasses.php-- -- --84483
11/18/2021 9:27:29 PM | * WEFiles/Server/DB/sqllogin.php-- -- --1479
11/18/2021 9:27:29 PM | * WEFiles/Server/language/phpmailer.lang-en.php-- -- --1188
11/18/2021 9:27:29 PM | * WEFiles/Server/language/phpmailer.lang-fr.php-- -- --1297
11/18/2021 9:27:29 PM | * WEFiles/Server/openElement.php-- -- --13870
11/18/2021 9:27:29 PM | * WEFiles/Server/VarText.php-- -- --4496
11/18/2021 9:27:29 PM | * .htaccess-- -- --0
11/18/2021 9:27:29 PM | * et.zip-- -- --500835
11/18/2021 9:27:29 PM | * index.css-- -- --2613
11/18/2021 9:27:29 PM | * Files/Image/violin.png-- -- --30290
11/18/2021 9:27:29 PM | * WEFiles/Image/WEImage/violin-WEc242e4e99c.png-- -- --17098
11/18/2021 9:27:29 PM | * Files/Image/repeat-l.png-- -- --1824
11/18/2021 9:27:29 PM | * WEFiles/Image/WEImage/repeat-l-WE8416587e66.png-- -- --667
11/18/2021 9:27:29 PM | * Files/Image/repeat-r.png-- -- --868
11/18/2021 9:27:29 PM | * WEFiles/Image/WEImage/repeat-r-WEa9e5d3b704.png-- -- --631
11/18/2021 9:27:29 PM | * Files/Image/clef.png-- -- --6620
11/18/2021 9:27:29 PM | * WEFiles/Image/WEImage/clef-WEe2c3c990da.png-- -- --2821
11/18/2021 9:27:29 PM | * Files/Image/clef2.png-- -- --6532
11/18/2021 9:27:29 PM | * WEFiles/Image/WEImage/clef2-WE0366882bf8.png-- -- --2973
11/18/2021 9:27:29 PM | * index.htm-- -- --13334
11/18/2021 9:27:29 PM | * robots.txt-- -- --19
11/18/2021 9:27:29 PM | * sitemap.xml-- -- --365
11/18/2021 9:27:29 PM | * smoothie.js-- -- --44943
11/18/2021 9:27:29 PM | * Templates/Base.css-- -- --477
11/18/2021 9:27:30 PM | 
11/18/2021 9:27:30 PM | 
--------------------------------Phase 1 Terminé--------------------------------
11/18/2021 9:27:30 PM | 

